#
# A fatal error has been detected by the Java Runtime Environment:
#
#  SIGSEGV (0xb) at pc=0x0000000675b338e0, pid=89, tid=139671469885184
#
# JRE version: OpenJDK Runtime Environment (7.0_121) (build 1.7.0_121-b00)
# Java VM: OpenJDK 64-Bit Server VM (24.121-b00 mixed mode linux-amd64 compressed oops)
# Derivative: IcedTea 2.6.8
# Distribution: Ubuntu 14.04 LTS, package 7u121-2.6.8-1ubuntu0.14.04.1
# Problematic frame:
# C  0x0000000675b338e0
#
# Core dump written. Default location: /mnt/c/Users/Daniel/Documents/Dev/Programs/Java/Viajero/core or core.89
#
# If you would like to submit a bug report, please include
# instructions on how to reproduce the bug and visit:
#   http://icedtea.classpath.org/bugzilla
#

---------------  T H R E A D  ---------------

Current thread (0x00007f07c8021800):  GCTaskThread [stack: 0x00007f07cc490000,0x00007f07cc591000] [id=92]

siginfo:si_signo=SIGSEGV: si_errno=0, si_code=2 (SEGV_ACCERR), si_addr=0x0000000675b338e0

Registers:
RAX=0x0000000675b33640, RBX=0x00000007097aa0a8, RCX=0x0000000000000003, RDX=0x00000007097aa0a8
RSP=0x00007f07cc58fc38, RBP=0x00007f07cc58fc60, RSI=0x00007f07c8072700, RDI=0x0000000675b33778
R8 =0x00000000127b5418, R9 =0x00000000214b0000, R10=0x00007f07cedae238, R11=0x00007f07cc26b3b8
R12=0x00007f07ced88560, R13=0x00007f07ceda47e4, R14=0x00007f07c8072700, R15=0x0000000000852c00
RIP=0x0000000675b338e0, EFLAGS=0x0000000000010213, CSGSFS=0x00000053002b0033, ERR=0x0000000000000000
  TRAPNO=0x0000000000000000

Top of Stack: (sp=0x00007f07cc58fc38)
0x00007f07cc58fc38:   00007f07ce7ec3f5 00000000127b5415
0x00007f07cc58fc48:   00000000004d0c00 00007f07cedae000
0x00007f07cc58fc58:   00007f07ced7ba08 00007f07cc58fce0
0x00007f07cc58fc68:   00007f07ce79fedd 0000000000000004
0x00007f07cc58fc78:   00000000214affff 00007f07cc58fd20
0x00007f07cc58fc88:   00007f07cc58fd50 0000000013430000
0x00007f07cc58fc98:   00000000214b0000 00000000127b5418
0x00007f07cc58fca8:   0000000013430000 00007f07ced71f10
0x00007f07cc58fcb8:   0000000000001343 000000000002b2a0
0x00007f07cc58fcc8:   00007f07ce9702e2 00007f07c8021800
0x00007f07cc58fcd8:   00007f07ceda460a 00007f07cc58fdc0
0x00007f07cc58fce8:   00007f07ce7ec0ab 0000000000000000
0x00007f07cc58fcf8:   00007f07c8072210 00007f07c8072700
0x00007f07cc58fd08:   0000000000000000 00007f07cedaa068
0x00007f07cc58fd18:   0000000000000001 00007f07ced71d70
0x00007f07cc58fd28:   00007f07cedae000 00007f07c8072700
0x00007f07cc58fd38:   ffffffffffffffff 0000000000000000
0x00007f07cc58fd48:   00007f07c801ae20 00007f07ced71f30
0x00007f07cc58fd58:   00007f07cedae000 00007f07c8072700
0x00007f07cc58fd68:   ffffffffffffffff 0000000000000000
0x00007f07cc58fd78:   00007f0700000001 00007f07c801ae20
0x00007f07cc58fd88:   00007f07c801f390 00007f07cc58fdc0
0x00007f07cc58fd98:   0000000000000001 00007f07ac0101a0
0x00007f07cc58fda8:   00007f07ce9702e2 00007f07c8021800
0x00007f07cc58fdb8:   00007f07ceda460a 00007f07cc58fed0
0x00007f07cc58fdc8:   00007f07ce502c22 00000000000003d8
0x00007f07cc58fdd8:   00007f07c80222b8 00007f07c8021ee0
0x00007f07cc58fde8:   00007f07cc58fe60 00007f07c8021ea0
0x00007f07cc58fdf8:   00007f07c8021ed0 00007f07cc58fe10
0x00007f07cc58fe08:   0000000000000000 0000000000000000
0x00007f07cc58fe18:   00007f07c8022c00 00007f07c8021800
0x00007f07cc58fe28:   00007f07c80222c0 00007f07c8022300 

Instructions: (pc=0x0000000675b338e0)
0x0000000675b338c0:   70 2f b3 75 06 00 00 00 90 2e b3 75 06 00 00 00
0x0000000675b338d0:   78 30 b3 75 06 00 00 00 10 00 00 00 03 00 00 00
0x0000000675b338e0:   01 00 00 00 00 00 00 00 30 00 b4 ce 00 00 00 00
0x0000000675b338f0:   30 fb d6 ce 07 7f 00 00 02 0c 10 80 48 00 00 00 

Register to memory mapping:

RAX=0x0000000675b33640 is an oop
[S 
 - klass: {type array short}
 - length: 10
RBX=
[error occurred during error reporting (printing register info), id 0xb]

Stack: [0x00007f07cc490000,0x00007f07cc591000],  sp=0x00007f07cc58fc38,  free space=1023k
Native frames: (J=compiled Java code, j=interpreted, Vv=VM code, C=native code)
C  0x0000000675b338e0
V  [libjvm.so+0x7efedd]
V  [libjvm.so+0x83c0ab]
V  [libjvm.so+0x552c22]
V  [libjvm.so+0x7d3722]


---------------  P R O C E S S  ---------------

Java Threads: ( => current thread )
  0x00007f07c80ae000 JavaThread "Service Thread" daemon [_thread_blocked, id=101, stack(0x00007f07c1370000,0x00007f07c1471000)]
  0x00007f07c80ab800 JavaThread "C2 CompilerThread1" daemon [_thread_blocked, id=100, stack(0x00007f07c1480000,0x00007f07c1581000)]
  0x00007f07c80a8800 JavaThread "C2 CompilerThread0" daemon [_thread_blocked, id=99, stack(0x00007f07c1590000,0x00007f07c1691000)]
  0x00007f07c80a6800 JavaThread "Signal Dispatcher" daemon [_thread_blocked, id=98, stack(0x00007f07c16a0000,0x00007f07c17a1000)]
  0x00007f07c807b800 JavaThread "Finalizer" daemon [_thread_blocked, id=97, stack(0x00007f07c1a70000,0x00007f07c1b71000)]
  0x00007f07c8079800 JavaThread "Reference Handler" daemon [_thread_blocked, id=96, stack(0x00007f07c1b80000,0x00007f07c1c81000)]
  0x00007f07c800a000 JavaThread "main" [_thread_blocked, id=90, stack(0x00007f07cfb20000,0x00007f07cfc21000)]

Other Threads:
  0x00007f07c8075800 VMThread [stack: 0x00007f07c1c90000,0x00007f07c1d91000] [id=95]
  0x00007f07c80b8800 WatcherThread [stack: 0x00007f07c1260000,0x00007f07c1361000] [id=102]

=>0x00007f07c8021800 (exited) GCTaskThread [stack: 0x00007f07cc490000,0x00007f07cc591000] [id=92]

VM state:at safepoint (normal execution)

VM Mutex/Monitor currently owned by a thread:  ([mutex/lock_event])
[0x00007f07c8006250] Threads_lock - owner thread: 0x00007f07c8075800
[0x00007f07c8006750] Heap_lock - owner thread: 0x00007f07c800a000

Heap
 PSYoungGen      total 1049088K, used 442368K [0x0000000780000000, 0x00000007ec000000, 0x0000000800000000)
  eden space 442368K, 100% used [0x0000000780000000,0x000000079b000000,0x000000079b000000)
  from space 606720K, 0% used [0x00000007c6f80000,0x00000007c6f80000,0x00000007ec000000)
  to   space 663552K, 0% used [0x000000079b000000,0x000000079b000000,0x00000007c3800000)
 ParOldGen       total 4194304K, used 4194282K [0x0000000680000000, 0x0000000780000000, 0x0000000780000000)
  object space 4194304K, 99% used [0x0000000680000000,0x000000077fffa9c8,0x0000000780000000)
 PSPermGen       total 21504K, used 2942K [0x0000000675a00000, 0x0000000676f00000, 0x0000000680000000)
  object space 21504K, 13% used [0x0000000675a00000,0x0000000675cdfbd0,0x0000000676f00000)

Card table byte_map: [0x00007f07c43a0000,0x00007f07c4ff4000] byte_map_base: 0x00007f07c0ff3000

Polling page: 0x00007f07cfcd0000

Code Cache  [0x00007f07c5000000, 0x00007f07c5270000, 0x00007f07c8000000)
 total_blobs=203 nmethods=17 adapters=141 free_code_cache=48740Kb largest_free_block=49886976

Compilation events (10 events):
Event: 0.361 Thread 0x00007f07c80a8800   13             sun.misc.VM::isBooted (4 bytes)
Event: 0.361 Thread 0x00007f07c80ab800   14             java.lang.Math::min (46 bytes)
Event: 0.361 Thread 0x00007f07c80a8800 nmethod 13 0x00007f07c5064d50 code [0x00007f07c5064e80, 0x00007f07c5064ed8]
Event: 0.361 Thread 0x00007f07c80a8800   15             Travel::generateCombination (63 bytes)
Event: 0.362 Thread 0x00007f07c80ab800 nmethod 14 0x00007f07c5062710 code [0x00007f07c5062880, 0x00007f07c5062998]
Event: 0.362 Thread 0x00007f07c80ab800   16             java.util.HashMap::initHashSeedAsNeeded (61 bytes)
Event: 0.363 Thread 0x00007f07c80ab800 nmethod 16 0x00007f07c5064a50 code [0x00007f07c5064ba0, 0x00007f07c5064c78]
Event: 0.370 Thread 0x00007f07c80a8800 nmethod 15 0x00007f07c50618d0 code [0x00007f07c5061aa0, 0x00007f07c50620c0]
Event: 0.379 Thread 0x00007f07c80ab800   17             java.lang.Integer::highestOneBit (38 bytes)
Event: 0.379 Thread 0x00007f07c80ab800 nmethod 17 0x00007f07c50616d0 code [0x00007f07c5061800, 0x00007f07c5061878]

GC Heap History (10 events):
Event: 2651.349 GC heap after
Heap after GC invocations=132 (full 108):
 PSYoungGen      total 1049088K, used 442368K [0x0000000780000000, 0x00000007ec000000, 0x0000000800000000)
  eden space 442368K, 100% used [0x0000000780000000,0x000000079b000000,0x000000079b000000)
  from space 606720K, 0% used [0x00000007c6f80000,0x00000007c6f80000,0x00000007ec000000)
  to   space 663552K, 0% used [0x000000079b000000,0x000000079b000000,0x00000007c3800000)
 ParOldGen       total 4194304K, used 4194271K [0x0000000680000000, 0x0000000780000000, 0x0000000780000000)
  object space 4194304K, 99% used [0x0000000680000000,0x000000077fff7d18,0x0000000780000000)
 PSPermGen       total 21504K, used 2942K [0x0000000675a00000, 0x0000000676f00000, 0x0000000680000000)
  object space 21504K, 13% used [0x0000000675a00000,0x0000000675cdfbd0,0x0000000676f00000)
}
Event: 2651.349 GC heap before
{Heap before GC invocations=133 (full 109):
 PSYoungGen      total 1049088K, used 442368K [0x0000000780000000, 0x00000007ec000000, 0x0000000800000000)
  eden space 442368K, 100% used [0x0000000780000000,0x000000079b000000,0x000000079b000000)
  from space 606720K, 0% used [0x00000007c6f80000,0x00000007c6f80000,0x00000007ec000000)
  to   space 663552K, 0% used [0x000000079b000000,0x000000079b000000,0x00000007c3800000)
 ParOldGen       total 4194304K, used 4194273K [0x0000000680000000, 0x0000000780000000, 0x0000000780000000)
  object space 4194304K, 99% used [0x0000000680000000,0x000000077fff8608,0x0000000780000000)
 PSPermGen       total 21504K, used 2942K [0x0000000675a00000, 0x0000000676f00000, 0x0000000680000000)
  object space 21504K, 13% used [0x0000000675a00000,0x0000000675cdfbd0,0x0000000676f00000)
Event: 2676.710 GC heap after
Heap after GC invocations=133 (full 109):
 PSYoungGen      total 1049088K, used 442368K [0x0000000780000000, 0x00000007ec000000, 0x0000000800000000)
  eden space 442368K, 100% used [0x0000000780000000,0x000000079b000000,0x000000079b000000)
  from space 606720K, 0% used [0x00000007c6f80000,0x00000007c6f80000,0x00000007ec000000)
  to   space 663552K, 0% used [0x000000079b000000,0x000000079b000000,0x00000007c3800000)
 ParOldGen       total 4194304K, used 4194273K [0x0000000680000000, 0x0000000780000000, 0x0000000780000000)
  object space 4194304K, 99% used [0x0000000680000000,0x000000077fff8608,0x0000000780000000)
 PSPermGen       total 21504K, used 2942K [0x0000000675a00000, 0x0000000676f00000, 0x0000000680000000)
  object space 21504K, 13% used [0x0000000675a00000,0x0000000675cdfbd0,0x0000000676f00000)
}
Event: 2676.711 GC heap before
{Heap before GC invocations=134 (full 110):
 PSYoungGen      total 1049088K, used 442368K [0x0000000780000000, 0x00000007ec000000, 0x0000000800000000)
  eden space 442368K, 100% used [0x0000000780000000,0x000000079b000000,0x000000079b000000)
  from space 606720K, 0% used [0x00000007c6f80000,0x00000007c6f80000,0x00000007ec000000)
  to   space 663552K, 0% used [0x000000079b000000,0x000000079b000000,0x00000007c3800000)
 ParOldGen       total 4194304K, used 4194275K [0x0000000680000000, 0x0000000780000000, 0x0000000780000000)
  object space 4194304K, 99% used [0x0000000680000000,0x000000077fff8ef8,0x0000000780000000)
 PSPermGen       total 21504K, used 2942K [0x0000000675a00000, 0x0000000676f00000, 0x0000000680000000)
  object space 21504K, 13% used [0x0000000675a00000,0x0000000675cdfbd0,0x0000000676f00000)
Event: 2701.784 GC heap after
Heap after GC invocations=134 (full 110):
 PSYoungGen      total 1049088K, used 442368K [0x0000000780000000, 0x00000007ec000000, 0x0000000800000000)
  eden space 442368K, 100% used [0x0000000780000000,0x000000079b000000,0x000000079b000000)
  from space 606720K, 0% used [0x00000007c6f80000,0x00000007c6f80000,0x00000007ec000000)
  to   space 663552K, 0% used [0x000000079b000000,0x000000079b000000,0x00000007c3800000)
 ParOldGen       total 4194304K, used 4194275K [0x0000000680000000, 0x0000000780000000, 0x0000000780000000)
  object space 4194304K, 99% used [0x0000000680000000,0x000000077fff8ef8,0x0000000780000000)
 PSPermGen       total 21504K, used 2942K [0x0000000675a00000, 0x0000000676f00000, 0x0000000680000000)
  object space 21504K, 13% used [0x0000000675a00000,0x0000000675cdfbd0,0x0000000676f00000)
}
Event: 2701.784 GC heap before
{Heap before GC invocations=135 (full 111):
 PSYoungGen      total 1049088K, used 442368K [0x0000000780000000, 0x00000007ec000000, 0x0000000800000000)
  eden space 442368K, 100% used [0x0000000780000000,0x000000079b000000,0x000000079b000000)
  from space 606720K, 0% used [0x00000007c6f80000,0x00000007c6f80000,0x00000007ec000000)
  to   space 663552K, 0% used [0x000000079b000000,0x000000079b000000,0x00000007c3800000)
 ParOldGen       total 4194304K, used 4194277K [0x0000000680000000, 0x0000000780000000, 0x0000000780000000)
  object space 4194304K, 99% used [0x0000000680000000,0x000000077fff97e8,0x0000000780000000)
 PSPermGen       total 21504K, used 2942K [0x0000000675a00000, 0x0000000676f00000, 0x0000000680000000)
  object space 21504K, 13% used [0x0000000675a00000,0x0000000675cdfbd0,0x0000000676f00000)
Event: 2727.520 GC heap after
Heap after GC invocations=135 (full 111):
 PSYoungGen      total 1049088K, used 442368K [0x0000000780000000, 0x00000007ec000000, 0x0000000800000000)
  eden space 442368K, 100% used [0x0000000780000000,0x000000079b000000,0x000000079b000000)
  from space 606720K, 0% used [0x00000007c6f80000,0x00000007c6f80000,0x00000007ec000000)
  to   space 663552K, 0% used [0x000000079b000000,0x000000079b000000,0x00000007c3800000)
 ParOldGen       total 4194304K, used 4194277K [0x0000000680000000, 0x0000000780000000, 0x0000000780000000)
  object space 4194304K, 99% used [0x0000000680000000,0x000000077fff97e8,0x0000000780000000)
 PSPermGen       total 21504K, used 2942K [0x0000000675a00000, 0x0000000676f00000, 0x0000000680000000)
  object space 21504K, 13% used [0x0000000675a00000,0x0000000675cdfbd0,0x0000000676f00000)
}
Event: 2727.520 GC heap before
{Heap before GC invocations=136 (full 112):
 PSYoungGen      total 1049088K, used 442368K [0x0000000780000000, 0x00000007ec000000, 0x0000000800000000)
  eden space 442368K, 100% used [0x0000000780000000,0x000000079b000000,0x000000079b000000)
  from space 606720K, 0% used [0x00000007c6f80000,0x00000007c6f80000,0x00000007ec000000)
  to   space 663552K, 0% used [0x000000079b000000,0x000000079b000000,0x00000007c3800000)
 ParOldGen       total 4194304K, used 4194280K [0x0000000680000000, 0x0000000780000000, 0x0000000780000000)
  object space 4194304K, 99% used [0x0000000680000000,0x000000077fffa0d8,0x0000000780000000)
 PSPermGen       total 21504K, used 2942K [0x0000000675a00000, 0x0000000676f00000, 0x0000000680000000)
  object space 21504K, 13% used [0x0000000675a00000,0x0000000675cdfbd0,0x0000000676f00000)
Event: 2752.732 GC heap after
Heap after GC invocations=136 (full 112):
 PSYoungGen      total 1049088K, used 442368K [0x0000000780000000, 0x00000007ec000000, 0x0000000800000000)
  eden space 442368K, 100% used [0x0000000780000000,0x000000079b000000,0x000000079b000000)
  from space 606720K, 0% used [0x00000007c6f80000,0x00000007c6f80000,0x00000007ec000000)
  to   space 663552K, 0% used [0x000000079b000000,0x000000079b000000,0x00000007c3800000)
 ParOldGen       total 4194304K, used 4194280K [0x0000000680000000, 0x0000000780000000, 0x0000000780000000)
  object space 4194304K, 99% used [0x0000000680000000,0x000000077fffa0d8,0x0000000780000000)
 PSPermGen       total 21504K, used 2942K [0x0000000675a00000, 0x0000000676f00000, 0x0000000680000000)
  object space 21504K, 13% used [0x0000000675a00000,0x0000000675cdfbd0,0x0000000676f00000)
}
Event: 2752.733 GC heap before
{Heap before GC invocations=137 (full 113):
 PSYoungGen      total 1049088K, used 442368K [0x0000000780000000, 0x00000007ec000000, 0x0000000800000000)
  eden space 442368K, 100% used [0x0000000780000000,0x000000079b000000,0x000000079b000000)
  from space 606720K, 0% used [0x00000007c6f80000,0x00000007c6f80000,0x00000007ec000000)
  to   space 663552K, 0% used [0x000000079b000000,0x000000079b000000,0x00000007c3800000)
 ParOldGen       total 4194304K, used 4194282K [0x0000000680000000, 0x0000000780000000, 0x0000000780000000)
  object space 4194304K, 99% used [0x0000000680000000,0x000000077fffa9c8,0x0000000780000000)
 PSPermGen       total 21504K, used 2942K [0x0000000675a00000, 0x0000000676f00000, 0x0000000680000000)
  object space 21504K, 13% used [0x0000000675a00000,0x0000000675cdfbd0,0x0000000676f00000)

Deoptimization events (0 events):
No events

Internal exceptions (6 events):
Event: 0.125 Thread 0x00007f07c800a000 Threw 0x000000078000f090 at /build/openjdk-7-A9DpoP/openjdk-7-7u121-2.6.8/build/openjdk/hotspot/src/share/vm/prims/jni.cpp:4051
Event: 0.234 Thread 0x00007f07c800a000 Threw 0x0000000780045ca0 at /build/openjdk-7-A9DpoP/openjdk-7-7u121-2.6.8/build/openjdk/hotspot/src/share/vm/prims/jni.cpp:721
Event: 0.234 Thread 0x00007f07c800a000 Threw 0x0000000780045e20 at /build/openjdk-7-A9DpoP/openjdk-7-7u121-2.6.8/build/openjdk/hotspot/src/share/vm/prims/jvm.cpp:1322
Event: 0.234 Thread 0x00007f07c800a000 Threw 0x0000000780045f48 at /build/openjdk-7-A9DpoP/openjdk-7-7u121-2.6.8/build/openjdk/hotspot/src/share/vm/prims/jvm.cpp:1322
Event: 0.240 Thread 0x00007f07c800a000 Threw 0x0000000780049fd0 at /build/openjdk-7-A9DpoP/openjdk-7-7u121-2.6.8/build/openjdk/hotspot/src/share/vm/prims/jvm.cpp:1322
Event: 0.266 Thread 0x00007f07c800a000 Threw 0x000000078005abd8 at /build/openjdk-7-A9DpoP/openjdk-7-7u121-2.6.8/build/openjdk/hotspot/src/share/vm/prims/jvm.cpp:1322

Events (10 events):
Event: 2651.349 Executing VM operation: ParallelGCFailedAllocation done
Event: 2651.349 Executing VM operation: ParallelGCFailedAllocation
Event: 2676.710 Executing VM operation: ParallelGCFailedAllocation done
Event: 2676.711 Executing VM operation: ParallelGCFailedAllocation
Event: 2701.784 Executing VM operation: ParallelGCFailedAllocation done
Event: 2701.784 Executing VM operation: ParallelGCFailedAllocation
Event: 2727.520 Executing VM operation: ParallelGCFailedAllocation done
Event: 2727.520 Executing VM operation: ParallelGCFailedAllocation
Event: 2752.732 Executing VM operation: ParallelGCFailedAllocation done
Event: 2752.733 Executing VM operation: ParallelGCFailedAllocation


Dynamic libraries:
00400000-00401000 r-x- 00000000 00:00 727601                     /usr/lib/jvm/java-7-openjdk-amd64/jre/bin/java
00600000-00601000 r--- 00000000 00:00 727601                     /usr/lib/jvm/java-7-openjdk-amd64/jre/bin/java
00601000-00602000 rw-- 00001000 00:00 727601                     /usr/lib/jvm/java-7-openjdk-amd64/jre/bin/java
02381000-023a2000 rw-- 00000000 00:00 0                          [heap]
675a00000-7ec000000 rw-- 00000000 00:00 0
7ec000000-7f1900000 ---- 00000000 00:00 0
7f1900000-800000000 rw-- 00000000 00:00 0
7f0770000000-7f0770021000 rw-- 00000000 00:00 0
7f0770021000-7f0774000000 ---- 00000000 00:00 0
7f0778000000-7f0778021000 rw-- 00000000 00:00 0
7f0778021000-7f077c000000 ---- 00000000 00:00 0
7f0780000000-7f0780168000 rw-- 00000000 00:00 0
7f0780168000-7f0784000000 ---- 00000000 00:00 0
7f0784000000-7f0784181000 rw-- 00000000 00:00 0
7f0784181000-7f0788000000 ---- 00000000 00:00 0
7f0788000000-7f0788021000 rw-- 00000000 00:00 0
7f0788021000-7f078c000000 ---- 00000000 00:00 0
7f078c000000-7f078c021000 rw-- 00000000 00:00 0
7f078c021000-7f0790000000 ---- 00000000 00:00 0
7f0790000000-7f0790021000 rw-- 00000000 00:00 0
7f0790021000-7f0794000000 ---- 00000000 00:00 0
7f0797ad0000-7f07a48e6000 rw-- 00000000 00:00 0
7f07a48e6000-7f07a8000000 ---- 00000000 00:00 0
7f07a8000000-7f07a8021000 rw-- 00000000 00:00 0
7f07a8021000-7f07ac000000 ---- 00000000 00:00 0
7f07ac000000-7f07ac4da000 rw-- 00000000 00:00 0
7f07ac4da000-7f07b0000000 ---- 00000000 00:00 0
7f07b4000000-7f07b4472000 rw-- 00000000 00:00 0
7f07b4472000-7f07b8000000 ---- 00000000 00:00 0
7f07bc000000-7f07bc46b000 rw-- 00000000 00:00 0
7f07bc46b000-7f07c0000000 ---- 00000000 00:00 0
7f07c1250000-7f07c1251000 rw-- 00000000 00:00 0
7f07c1260000-7f07c1261000 ---- 00000000 00:00 0
7f07c1261000-7f07c1361000 rw-- 00000000 00:00 0
7f07c1370000-7f07c1373000 ---- 00000000 00:00 0
7f07c1373000-7f07c1471000 rw-- 00000000 00:00 0
7f07c1480000-7f07c1483000 ---- 00000000 00:00 0
7f07c1483000-7f07c1581000 rw-- 00000000 00:00 0
7f07c1590000-7f07c1593000 ---- 00000000 00:00 0
7f07c1593000-7f07c1691000 rw-- 00000000 00:00 0
7f07c16a0000-7f07c16a3000 ---- 00000000 00:00 0
7f07c16a3000-7f07c17a1000 rw-- 00000000 00:00 0
7f07c17a7000-7f07c1a70000 r--- 00000000 00:00 733399             /usr/lib/locale/locale-archive
7f07c1a70000-7f07c1a73000 ---- 00000000 00:00 0
7f07c1a73000-7f07c1b71000 rw-- 00000000 00:00 0
7f07c1b80000-7f07c1b83000 ---- 00000000 00:00 0
7f07c1b83000-7f07c1c81000 rw-- 00000000 00:00 0
7f07c1c90000-7f07c1c91000 ---- 00000000 00:00 0
7f07c1c91000-7f07c1d91000 rw-- 00000000 00:00 0
7f07c1da0000-7f07c1ea1000 rw-- 00000000 00:00 0
7f07c1eb0000-7f07c1fb1000 rw-- 00000000 00:00 0
7f07c1fc0000-7f07c20c1000 rw-- 00000000 00:00 0
7f07c20d0000-7f07c21d1000 rw-- 00000000 00:00 0
7f07c21e0000-7f07c22e1000 rw-- 00000000 00:00 0
7f07c22f0000-7f07c23f1000 rw-- 00000000 00:00 0
7f07c2400000-7f07c2501000 rw-- 00000000 00:00 0
7f07c2510000-7f07c2611000 rw-- 00000000 00:00 0
7f07c2620000-7f07c2721000 rw-- 00000000 00:00 0
7f07c2730000-7f07c2831000 rw-- 00000000 00:00 0
7f07c2840000-7f07c2941000 rw-- 00000000 00:00 0
7f07c2950000-7f07c2a51000 rw-- 00000000 00:00 0
7f07c2a60000-7f07c2b61000 rw-- 00000000 00:00 0
7f07c2b70000-7f07c2c71000 rw-- 00000000 00:00 0
7f07c2c80000-7f07c2d81000 rw-- 00000000 00:00 0
7f07c2d8d000-7f07c2f40000 r--- 01d41000 00:00 727539             /usr/lib/jvm/java-7-openjdk-amd64/jre/lib/rt.jar
7f07c2f40000-7f07c3b93000 rw-- 00000000 00:00 0
7f07c3ba0000-7f07c4f53000 rw-- 00000000 00:00 0
7f07c4f53000-7f07c4f80000 ---- 00000000 00:00 0
7f07c4f80000-7f07c4ff4000 rw-- 00000000 00:00 0
7f07c5000000-7f07c5270000 rwx- 00000000 00:00 0
7f07c5270000-7f07c8110000 rw-- 00000000 00:00 0
7f07c8110000-7f07cc000000 ---- 00000000 00:00 0
7f07cc000000-7f07cc021000 rw-- 00000000 00:00 0
7f07cc030000-7f07cc051000 rw-- 00000000 00:00 0
7f07cc060000-7f07cc081000 rw-- 00000000 00:00 0
7f07cc090000-7f07cc0b1000 rw-- 00000000 00:00 0
7f07cc0c0000-7f07cc109000 rw-- 00000000 00:00 0
7f07cc110000-7f07cc186000 rw-- 00000000 00:00 0
7f07cc190000-7f07cc1eb000 rw-- 00000000 00:00 0
7f07cc1f0000-7f07cc26c000 rw-- 00000000 00:00 0
7f07cc270000-7f07cc271000 ---- 00000000 00:00 0
7f07cc271000-7f07cc371000 rw-- 00000000 00:00 0
7f07cc380000-7f07cc381000 ---- 00000000 00:00 0
7f07cc381000-7f07cc481000 rw-- 00000000 00:00 0
7f07cc490000-7f07cc491000 ---- 00000000 00:00 0
7f07cc491000-7f07cc591000 rw-- 00000000 00:00 0
7f07cc5a0000-7f07cc5a1000 ---- 00000000 00:00 0
7f07cc5a1000-7f07cc6a1000 rw-- 00000000 00:00 0
7f07cc6b0000-7f07cc6b8000 r-x- 00000000 00:00 727522             /usr/lib/jvm/java-7-openjdk-amd64/jre/lib/amd64/libzip.so
7f07cc6b8000-7f07cc6b9000 ---- 00008000 00:00 727522             /usr/lib/jvm/java-7-openjdk-amd64/jre/lib/amd64/libzip.so
7f07cc6b9000-7f07cc8b7000 ---- 00000000 00:00 0
7f07cc8b7000-7f07cc8b8000 r--- 00007000 00:00 727522             /usr/lib/jvm/java-7-openjdk-amd64/jre/lib/amd64/libzip.so
7f07cc8b8000-7f07cc8b9000 rw-- 00008000 00:00 727522             /usr/lib/jvm/java-7-openjdk-amd64/jre/lib/amd64/libzip.so
7f07cc8c0000-7f07cc8ca000 r-x- 00000000 00:00 20675              /lib/x86_64-linux-gnu/libnss_files-2.19.so
7f07cc8ca000-7f07cc8cb000 ---- 0000a000 00:00 20675              /lib/x86_64-linux-gnu/libnss_files-2.19.so
7f07cc8cb000-7f07ccac9000 ---- 00000000 00:00 0
7f07ccac9000-7f07ccaca000 r--- 00009000 00:00 20675              /lib/x86_64-linux-gnu/libnss_files-2.19.so
7f07ccaca000-7f07ccacb000 rw-- 0000a000 00:00 20675              /lib/x86_64-linux-gnu/libnss_files-2.19.so
7f07ccad0000-7f07ccadb000 r-x- 00000000 00:00 69827              /lib/x86_64-linux-gnu/libnss_nis-2.19.so
7f07ccadb000-7f07ccadc000 ---- 0000b000 00:00 69827              /lib/x86_64-linux-gnu/libnss_nis-2.19.so
7f07ccadc000-7f07cccda000 ---- 00000000 00:00 0
7f07cccda000-7f07cccdb000 r--- 0000a000 00:00 69827              /lib/x86_64-linux-gnu/libnss_nis-2.19.so
7f07cccdb000-7f07cccdc000 rw-- 0000b000 00:00 69827              /lib/x86_64-linux-gnu/libnss_nis-2.19.so
7f07ccce0000-7f07cccf7000 r-x- 00000000 00:00 69689              /lib/x86_64-linux-gnu/libnsl-2.19.so
7f07cccf7000-7f07cccf8000 ---- 00017000 00:00 69689              /lib/x86_64-linux-gnu/libnsl-2.19.so
7f07cccf8000-7f07ccef6000 ---- 00000000 00:00 0
7f07ccef6000-7f07ccef7000 r--- 00016000 00:00 69689              /lib/x86_64-linux-gnu/libnsl-2.19.so
7f07ccef7000-7f07ccef8000 rw-- 00017000 00:00 69689              /lib/x86_64-linux-gnu/libnsl-2.19.so
7f07ccef8000-7f07ccefa000 rw-- 00000000 00:00 0
7f07ccf00000-7f07ccf09000 r-x- 00000000 00:00 69637              /lib/x86_64-linux-gnu/libnss_compat-2.19.so
7f07ccf09000-7f07ccf0a000 ---- 00009000 00:00 69637              /lib/x86_64-linux-gnu/libnss_compat-2.19.so
7f07ccf0a000-7f07cd108000 ---- 00000000 00:00 0
7f07cd108000-7f07cd109000 r--- 00008000 00:00 69637              /lib/x86_64-linux-gnu/libnss_compat-2.19.so
7f07cd109000-7f07cd10a000 rw-- 00009000 00:00 69637              /lib/x86_64-linux-gnu/libnss_compat-2.19.so
7f07cd110000-7f07cd13a000 r-x- 00000000 00:00 727521             /usr/lib/jvm/java-7-openjdk-amd64/jre/lib/amd64/libjava.so
7f07cd13a000-7f07cd13d000 ---- 0002a000 00:00 727521             /usr/lib/jvm/java-7-openjdk-amd64/jre/lib/amd64/libjava.so
7f07cd13d000-7f07cd33a000 ---- 00000000 00:00 0
7f07cd33a000-7f07cd33b000 r--- 0002a000 00:00 727521             /usr/lib/jvm/java-7-openjdk-amd64/jre/lib/amd64/libjava.so
7f07cd33b000-7f07cd33d000 rw-- 0002b000 00:00 727521             /usr/lib/jvm/java-7-openjdk-amd64/jre/lib/amd64/libjava.so
7f07cd340000-7f07cd350000 r-x- 00000000 00:00 727523             /usr/lib/jvm/java-7-openjdk-amd64/jre/lib/amd64/libverify.so
7f07cd350000-7f07cd352000 ---- 00010000 00:00 727523             /usr/lib/jvm/java-7-openjdk-amd64/jre/lib/amd64/libverify.so
7f07cd352000-7f07cd54f000 ---- 00000000 00:00 0
7f07cd54f000-7f07cd551000 r--- 0000f000 00:00 727523             /usr/lib/jvm/java-7-openjdk-amd64/jre/lib/amd64/libverify.so
7f07cd551000-7f07cd552000 rw-- 00011000 00:00 727523             /usr/lib/jvm/java-7-openjdk-amd64/jre/lib/amd64/libverify.so
7f07cd560000-7f07cd567000 r-x- 00000000 00:00 69840              /lib/x86_64-linux-gnu/librt-2.19.so
7f07cd567000-7f07cd568000 ---- 00007000 00:00 69840              /lib/x86_64-linux-gnu/librt-2.19.so
7f07cd568000-7f07cd766000 ---- 00000000 00:00 0
7f07cd766000-7f07cd767000 r--- 00006000 00:00 69840              /lib/x86_64-linux-gnu/librt-2.19.so
7f07cd767000-7f07cd768000 rw-- 00007000 00:00 69840              /lib/x86_64-linux-gnu/librt-2.19.so
7f07cd770000-7f07cd786000 r-x- 00000000 00:00 706897             /lib/x86_64-linux-gnu/libgcc_s.so.1
7f07cd786000-7f07cd787000 ---- 00016000 00:00 706897             /lib/x86_64-linux-gnu/libgcc_s.so.1
7f07cd787000-7f07cd985000 ---- 00000000 00:00 0
7f07cd985000-7f07cd986000 rw-- 00015000 00:00 706897             /lib/x86_64-linux-gnu/libgcc_s.so.1
7f07cd990000-7f07cda95000 r-x- 00000000 00:00 69603              /lib/x86_64-linux-gnu/libm-2.19.so
7f07cda95000-7f07cda96000 ---- 00105000 00:00 69603              /lib/x86_64-linux-gnu/libm-2.19.so
7f07cda96000-7f07cdc94000 ---- 00000000 00:00 0
7f07cdc94000-7f07cdc95000 r--- 00104000 00:00 69603              /lib/x86_64-linux-gnu/libm-2.19.so
7f07cdc95000-7f07cdc96000 rw-- 00105000 00:00 69603              /lib/x86_64-linux-gnu/libm-2.19.so
7f07cdca0000-7f07cdd86000 r-x- 00000000 00:00 24630              /usr/lib/x86_64-linux-gnu/libstdc++.so.6.0.19
7f07cdd86000-7f07cdd90000 ---- 000e6000 00:00 24630              /usr/lib/x86_64-linux-gnu/libstdc++.so.6.0.19
7f07cdd90000-7f07cdf85000 ---- 00000000 00:00 0
7f07cdf85000-7f07cdf8d000 r--- 000e5000 00:00 24630              /usr/lib/x86_64-linux-gnu/libstdc++.so.6.0.19
7f07cdf8d000-7f07cdf8f000 rw-- 000ed000 00:00 24630              /usr/lib/x86_64-linux-gnu/libstdc++.so.6.0.19
7f07cdf8f000-7f07cdfa4000 rw-- 00000000 00:00 0
7f07cdfb0000-7f07ceade000 r-x- 00000000 00:00 727482             /usr/lib/jvm/java-7-openjdk-amd64/jre/lib/amd64/server/libjvm.so
7f07ceade000-7f07ceb9c000 ---- 00b2e000 00:00 727482             /usr/lib/jvm/java-7-openjdk-amd64/jre/lib/amd64/server/libjvm.so
7f07ceb9c000-7f07cecde000 ---- 00000000 00:00 0
7f07cecde000-7f07ced78000 r--- 00b2e000 00:00 727482             /usr/lib/jvm/java-7-openjdk-amd64/jre/lib/amd64/server/libjvm.so
7f07ced78000-7f07ced9b000 rw-- 00bc8000 00:00 727482             /usr/lib/jvm/java-7-openjdk-amd64/jre/lib/amd64/server/libjvm.so
7f07ced9b000-7f07cedca000 rw-- 00000000 00:00 0
7f07cedd0000-7f07cede8000 r-x- 00000000 00:00 707047             /lib/x86_64-linux-gnu/libz.so.1.2.8
7f07cede8000-7f07cede9000 ---- 00018000 00:00 707047             /lib/x86_64-linux-gnu/libz.so.1.2.8
7f07cede9000-7f07cefe7000 ---- 00000000 00:00 0
7f07cefe7000-7f07cefe8000 r--- 00017000 00:00 707047             /lib/x86_64-linux-gnu/libz.so.1.2.8
7f07cefe8000-7f07cefe9000 rw-- 00018000 00:00 707047             /lib/x86_64-linux-gnu/libz.so.1.2.8
7f07ceff0000-7f07cf009000 r-x- 00000000 00:00 69709              /lib/x86_64-linux-gnu/libpthread-2.19.so
7f07cf009000-7f07cf013000 ---- 00019000 00:00 69709              /lib/x86_64-linux-gnu/libpthread-2.19.so
7f07cf013000-7f07cf208000 ---- 00000000 00:00 0
7f07cf208000-7f07cf209000 r--- 00018000 00:00 69709              /lib/x86_64-linux-gnu/libpthread-2.19.so
7f07cf209000-7f07cf20a000 rw-- 00019000 00:00 69709              /lib/x86_64-linux-gnu/libpthread-2.19.so
7f07cf20a000-7f07cf20e000 rw-- 00000000 00:00 0
7f07cf210000-7f07cf213000 r-x- 00000000 00:00 69607              /lib/x86_64-linux-gnu/libdl-2.19.so
7f07cf213000-7f07cf214000 ---- 00003000 00:00 69607              /lib/x86_64-linux-gnu/libdl-2.19.so
7f07cf214000-7f07cf412000 ---- 00000000 00:00 0
7f07cf412000-7f07cf413000 r--- 00002000 00:00 69607              /lib/x86_64-linux-gnu/libdl-2.19.so
7f07cf413000-7f07cf414000 rw-- 00003000 00:00 69607              /lib/x86_64-linux-gnu/libdl-2.19.so
7f07cf420000-7f07cf5da000 r-x- 00000000 00:00 69855              /lib/x86_64-linux-gnu/libc-2.19.so
7f07cf5da000-7f07cf5e2000 ---- 001ba000 00:00 69855              /lib/x86_64-linux-gnu/libc-2.19.so
7f07cf5e2000-7f07cf7da000 ---- 00000000 00:00 0
7f07cf7da000-7f07cf7de000 r--- 001ba000 00:00 69855              /lib/x86_64-linux-gnu/libc-2.19.so
7f07cf7de000-7f07cf7e0000 rw-- 001be000 00:00 69855              /lib/x86_64-linux-gnu/libc-2.19.so
7f07cf7e0000-7f07cf7e5000 rw-- 00000000 00:00 0
7f07cf7f0000-7f07cf7fd000 r-x- 00000000 00:00 727528             /usr/lib/jvm/java-7-openjdk-amd64/jre/lib/amd64/jli/libjli.so
7f07cf7fd000-7f07cf7fe000 ---- 0000d000 00:00 727528             /usr/lib/jvm/java-7-openjdk-amd64/jre/lib/amd64/jli/libjli.so
7f07cf7fe000-7f07cf9fc000 ---- 00000000 00:00 0
7f07cf9fc000-7f07cf9fd000 r--- 0000c000 00:00 727528             /usr/lib/jvm/java-7-openjdk-amd64/jre/lib/amd64/jli/libjli.so
7f07cf9fd000-7f07cf9fe000 rw-- 0000d000 00:00 727528             /usr/lib/jvm/java-7-openjdk-amd64/jre/lib/amd64/jli/libjli.so
7f07cfa00000-7f07cfa23000 r-x- 00000000 00:00 69783              /lib/x86_64-linux-gnu/ld-2.19.so
7f07cfa30000-7f07cfa51000 rw-- 00000000 00:00 0
7f07cfa60000-7f07cfb20000 rw-- 00000000 00:00 0
7f07cfb20000-7f07cfb23000 ---- 00000000 00:00 0
7f07cfb23000-7f07cfc21000 rw-- 00000000 00:00 0
7f07cfc22000-7f07cfc23000 r--- 00022000 00:00 69783              /lib/x86_64-linux-gnu/ld-2.19.so
7f07cfc23000-7f07cfc24000 rw-- 00023000 00:00 69783              /lib/x86_64-linux-gnu/ld-2.19.so
7f07cfc24000-7f07cfc25000 rw-- 00000000 00:00 0
7f07cfc30000-7f07cfc58000 rw-- 00000000 00:00 0
7f07cfc60000-7f07cfcb3000 rw-- 00000000 00:00 0
7f07cfcc0000-7f07cfcc1000 rw-- 00000000 00:00 0
7f07cfcd0000-7f07cfcd1000 ---- 00000000 00:00 0
7f07cfce0000-7f07cfce2000 rw-- 00000000 00:00 0
7f07cfcf0000-7f07cfcf1000 rw-- 00000000 00:00 0
7f07cfd00000-7f07cfd01000 rw-- 00000000 00:00 0
7f07cfd07000-7f07cfd09000 r--- 00012000 00:00 727543             /usr/lib/jvm/java-7-openjdk-amd64/jre/lib/ext/zipfs.jar
7f07cfd09000-7f07cfd0c000 r--- 0003d000 00:00 727541             /usr/lib/jvm/java-7-openjdk-amd64/jre/lib/ext/sunpkcs11.jar
7f07cfd0c000-7f07cfd10000 r--- 00034000 00:00 727542             /usr/lib/jvm/java-7-openjdk-amd64/jre/lib/ext/sunjce_provider.jar
7f07cfd10000-7f07cfd11000 rw-- 00000000 00:00 0
7f07cfd12000-7f07cfd16000 r--- 00085000 00:00 727546             /usr/lib/jvm/java-7-openjdk-amd64/jre/lib/ext/localedata.jar
7f07cfd16000-7f07cfd18000 r--- 00006000 00:00 727894             /usr/share/java/java-atk-wrapper.jar
7f07cfd18000-7f07cfd20000 rw-- 00000000 00:00 403683             /tmp/hsperfdata_dcharua/89
7f07cfd20000-7f07cfd22000 rw-- 00000000 00:00 0
7f07cfd22000-7f07cfd25000 r--- 0000f000 00:00 727545             /usr/lib/jvm/java-7-openjdk-amd64/jre/lib/ext/icedtea-sound.jar
7f07cfd25000-7f07cfd26000 r--- 00002000 00:00 727544             /usr/lib/jvm/java-7-openjdk-amd64/jre/lib/ext/dnsns.jar
7ffff58b8000-7ffff60b8000 rw-- 00000000 00:00 0                  [stack]
7ffff6791000-7ffff6792000 r-x- 00000000 00:00 0                  [vdso]

VM Arguments:
jvm_args: -Xmx6144M 
java_command: Travel
Launcher Type: SUN_STANDARD

Environment Variables:
PATH=/usr/local/sbin:/usr/local/bin:/usr/sbin:/usr/bin:/sbin:/bin:/usr/games:/usr/local/games:/mnt/c/ProgramData/Oracle/Java/javapath:/mnt/c/Windows/System32:/mnt/c/Windows:/mnt/c/Windows/System32/wbem:/mnt/c/Windows/System32/WindowsPowerShell/v1.0:/mnt/c/Program Files (x86)/Acer/abFiles:/mnt/c/Windows/System32:/mnt/c/Windows:/mnt/c/Windows/System32/wbem:/mnt/c/Windows/System32/WindowsPowerShell/v1.0:/mnt/c/Program Files/Microsoft DNX/Dnvm:/mnt/c/Program Files (x86)/Windows Kits/8.1/Windows Performance Toolkit:/mnt/c/Program Files (x86)/QuickTime/QTSystem:/mnt/c/Program Files (x86)/GtkSharp/2.12/bin:/mnt/c/Program Files/nodejs:/mnt/c/Program Files/Git/cmd:/mnt/c/Users/Daniel/AppData/Local/lxss/rootfs/usr/bin:/mnt/c/Users/Daniel/AppData/Local/lxss/rootfs/usr/include/SFML:/mnt/c/Program Files (x86)/Skype/Phone:/mnt/c/Program Files (x86)/Calibre2:/mnt/c/Program Files (x86)/Brackets/command:/mnt/c/Users/Daniel/AppData/Roaming/npm:/mnt/c/Users/Daniel/AppData/Local/Microsoft/WindowsApps:/mnt/c/Users/Daniel/AppData/Local/atom/bin:/mnt/c/Users/Daniel/AppData/Local/lxss/rootfs/usr/include/SFML
SHELL=/bin/bash
HOSTTYPE=x86_64

Signal Handlers:
SIGSEGV: [libjvm.so+0x95e310], sa_mask[0]=0x7fffffff, sa_flags=0x10000004
SIGBUS: [libjvm.so+0x95e310], sa_mask[0]=0x7fffffff, sa_flags=0x10000004
SIGFPE: [libjvm.so+0x7d1ef0], sa_mask[0]=0x7fffffff, sa_flags=0x10000004
SIGPIPE: [libjvm.so+0x7d1ef0], sa_mask[0]=0x7fffffff, sa_flags=0x10000004
SIGXFSZ: [libjvm.so+0x7d1ef0], sa_mask[0]=0x7fffffff, sa_flags=0x10000004
SIGILL: [libjvm.so+0x7d1ef0], sa_mask[0]=0x7fffffff, sa_flags=0x10000004
SIGUSR1: SIG_DFL, sa_mask[0]=0x00000000, sa_flags=0x00000000
SIGUSR2: [libjvm.so+0x7d2020], sa_mask[0]=0x00000000, sa_flags=0x10000004
SIGHUP: [libjvm.so+0x7d1f70], sa_mask[0]=0x7fffffff, sa_flags=0x10000004
SIGINT: [libjvm.so+0x7d1f70], sa_mask[0]=0x7fffffff, sa_flags=0x10000004
SIGTERM: [libjvm.so+0x7d1f70], sa_mask[0]=0x7fffffff, sa_flags=0x10000004
SIGQUIT: [libjvm.so+0x7d1f70], sa_mask[0]=0x7fffffff, sa_flags=0x10000004
SIGTRAP: SIG_DFL, sa_mask[0]=0x00000000, sa_flags=0x00000000


---------------  S Y S T E M  ---------------

OS:Ubuntu 14.04 (trusty)
uname:Linux 4.4.0-43-Microsoft #1-Microsoft Wed Dec 31 14:42:53 PST 2014 x86_64
libc:glibc 2.19 NPTL 2.19 
rlimit: STACK 8192k, CORE infinity, NPROC infinity, NOFILE 2048, AS infinity
load average:0.52 0.58 0.59

/proc/meminfo:
MemTotal:       11479304 kB
MemFree:         2819652 kB
Buffers:           34032 kB
Cached:           188576 kB
SwapCached:            0 kB
Active:           167556 kB
Inactive:         157876 kB
Active(anon):     103104 kB
Inactive(anon):    17440 kB
Active(file):      64452 kB
Inactive(file):   140436 kB
Unevictable:           0 kB
Mlocked:               0 kB
SwapTotal:      35651584 kB
SwapFree:       35579576 kB
Dirty:                 0 kB
Writeback:             0 kB
AnonPages:        102824 kB
Mapped:            71404 kB
Shmem:             17720 kB
Slab:              13868 kB
SReclaimable:       6744 kB
SUnreclaim:         7124 kB
KernelStack:        2848 kB
PageTables:         2524 kB
NFS_Unstable:          0 kB
Bounce:                0 kB
WritebackTmp:          0 kB
CommitLimit:      515524 kB
Committed_AS:    3450064 kB
VmallocTotal:     122880 kB
VmallocUsed:       21296 kB
VmallocChunk:      66044 kB
HardwareCorrupted:     0 kB
AnonHugePages:      2048 kB
HugePages_Total:       0
HugePages_Free:        0
HugePages_Rsvd:        0
HugePages_Surp:        0
Hugepagesize:       2048 kB
DirectMap4k:       12280 kB
DirectMap4M:      897024 kB


CPU:total 4 (4 cores per cpu, 1 threads per core) family 21 model 48 stepping 1, cmov, cx8, fxsr, mmx, sse, sse2, sse3, ssse3, sse4.1, sse4.2, popcnt, avx, aes, mmxext, 3dnowpref, lzcnt, sse4a, tsc, tscinvbit, tscinv

/proc/cpuinfo:
processor	: 0
vendor_id	: AuthenticAMD
cpu family	: 21
model		: 48
model name	: AMD A10-7300 Radeon R6, 10 Compute Cores 4C+6G 
stepping	: 1
microcode	: 0xffffffff
cpu MHz		: 1900.000
cache size	: 2048 KB
physical id	: 0
siblings	: 4
core id		: 0
cpu cores	: 4
apicid		: 0
initial apicid	: 0
fpu		: yes
fpu_exception	: yes
cpuid level	: 21
wp		: yes
flags		: fpu vme de pse tsc msr pae mce cx8 apic sep mtrr pge mca cmov pat pse36 clflush mmx fxsr sse sse2 ht syscall nx mmxext fxsr_opt pdpe1gb rdtscp lm pni pclmulqdq monitor ssse3 fma cx16 sse4_1 sse4_2 popcnt aes xsave osxsave avx f16c
bogomips	: 3800.00
clflush size	: 64
cache_alignment	: 64
address sizes	: 36 bits physical, 48 bits virtual
power management:

processor	: 1
vendor_id	: AuthenticAMD
cpu family	: 21
model		: 48
model name	: AMD A10-7300 Radeon R6, 10 Compute Cores 4C+6G 
stepping	: 1
microcode	: 0xffffffff
cpu MHz		: 1900.000
cache size	: 2048 KB
physical id	: 0
siblings	: 4
core id		: 1
cpu cores	: 4
apicid		: 0
initial apicid	: 0
fpu		: yes
fpu_exception	: yes
cpuid level	: 21
wp		: yes
flags		: fpu vme de pse tsc msr pae mce cx8 apic sep mtrr pge mca cmov pat pse36 clflush mmx fxsr sse sse2 ht syscall nx mmxext fxsr_opt pdpe1gb rdtscp lm pni pclmulqdq monitor ssse3 fma cx16 sse4_1 sse4_2 popcnt aes xsave osxsave avx f16c
bogomips	: 3800.00
clflush size	: 64
cache_alignment	: 64
address sizes	: 36 bits physical, 48 bits virtual
power management:

processor	: 2
vendor_id	: AuthenticAMD
cpu family	: 21
model		: 48
model name	: AMD A10-7300 Radeon R6, 10 Compute Cores 4C+6G 
stepping	: 1
microcode	: 0xffffffff
cpu MHz		: 1900.000
cache size	: 2048 KB
physical id	: 0
siblings	: 4
core id		: 2
cpu cores	: 4
apicid		: 0
initial apicid	: 0
fpu		: yes
fpu_exception	: yes
cpuid level	: 21
wp		: yes
flags		: fpu vme de pse tsc msr pae mce cx8 apic sep mtrr pge mca cmov pat pse36 clflush mmx fxsr sse sse2 ht syscall nx mmxext fxsr_opt pdpe1gb rdtscp lm pni pclmulqdq monitor ssse3 fma cx16 sse4_1 sse4_2 popcnt aes xsave osxsave avx f16c
bogomips	: 3800.00
clflush size	: 64
cache_alignment	: 64
address sizes	: 36 bits physical, 48 bits virtual
power management:

processor	: 3
vendor_id	: AuthenticAMD
cpu family	: 21
model		: 48
model name	: AMD A10-7300 Radeon R6, 10 Compute Cores 4C+6G 
stepping	: 1
microcode	: 0xffffffff
cpu MHz		: 1900.000
cache size	: 2048 KB
physical id	: 0
siblings	: 4
core id		: 3
cpu cores	: 4
apicid		: 0
initial apicid	: 0
fpu		: yes
fpu_exception	: yes
cpuid level	: 21
wp		: yes
flags		: fpu vme de pse tsc msr pae mce cx8 apic sep mtrr pge mca cmov pat pse36 clflush mmx fxsr sse sse2 ht syscall nx mmxext fxsr_opt pdpe1gb rdtscp lm pni pclmulqdq monitor ssse3 fma cx16 sse4_1 sse4_2 popcnt aes xsave osxsave avx f16c
bogomips	: 3800.00
clflush size	: 64
cache_alignment	: 64
address sizes	: 36 bits physical, 48 bits virtual
power management:



Memory: 4k page, physical 11479304k(2819648k free), swap 35651584k(35579576k free)

vm_info: OpenJDK 64-Bit Server VM (24.121-b00) for linux-amd64 JRE (1.7.0_121-b00), built on Nov 16 2016 00:46:21 by "buildd" with gcc 4.8.4

time: Wed May 10 01:14:13 2017
elapsed time: 2863 seconds

